2013/03/26 22:16:30 [error] [exception.CHttpException.404] exception 'CHttpException' with message 'Unable to resolve the request "post".' in D:\Localhost\htdocs\VietWorking\framework\web\CWebApplication.php:286
Stack trace:
#0 D:\Localhost\htdocs\VietWorking\framework\web\CWebApplication.php(141): CWebApplication->runController('post')
#1 D:\Localhost\htdocs\VietWorking\framework\base\CApplication.php(169): CWebApplication->processRequest()
#2 D:\Localhost\htdocs\VietWorking\index.php(13): CApplication->run()
#3 {main}
REQUEST_URI=/VietWorking/index.php?r=post
---
2013/03/26 22:16:38 [error] [php] require(): Filename cannot be empty (D:\Localhost\htdocs\VietWorking\framework\web\CBaseController.php:130)
Stack trace:
#0 D:\Localhost\htdocs\VietWorking\framework\zii\widgets\CListView.php(281): TblPostController->renderFile()
#1 D:\Localhost\htdocs\VietWorking\framework\zii\widgets\CBaseListView.php(160): CListView->renderItems()
#2 unknown(0): CListView->renderSection()
#3 D:\Localhost\htdocs\VietWorking\framework\zii\widgets\CBaseListView.php(143): preg_replace_callback()
#4 D:\Localhost\htdocs\VietWorking\framework\zii\widgets\CBaseListView.php(128): CListView->renderContent()
#5 D:\Localhost\htdocs\VietWorking\framework\web\CBaseController.php(173): CListView->run()
#6 D:\Localhost\htdocs\VietWorking\protected\views\tblPost\index.php(17): TblPostController->widget()
#7 D:\Localhost\htdocs\VietWorking\framework\web\CBaseController.php(126): require()
#8 D:\Localhost\htdocs\VietWorking\framework\web\CBaseController.php(95): TblPostController->renderInternal()
#9 D:\Localhost\htdocs\VietWorking\framework\web\CController.php(869): TblPostController->renderFile()
#10 D:\Localhost\htdocs\VietWorking\framework\web\CController.php(782): TblPostController->renderPartial()
#11 D:\Localhost\htdocs\VietWorking\protected\controllers\TblPostController.php(135): TblPostController->render()
#12 D:\Localhost\htdocs\VietWorking\framework\web\actions\CInlineAction.php(49): TblPostController->actionIndex()
#13 D:\Localhost\htdocs\VietWorking\framework\web\CController.php(308): CInlineAction->runWithParams()
#14 D:\Localhost\htdocs\VietWorking\framework\web\filters\CFilterChain.php(133): TblPostController->runAction()
#15 D:\Localhost\htdocs\VietWorking\framework\web\filters\CFilter.php(40): CFilterChain->run()
#16 D:\Localhost\htdocs\VietWorking\framework\web\CController.php(1145): CAccessControlFilter->filter()
#17 D:\Localhost\htdocs\VietWorking\framework\web\filters\CInlineFilter.php(58): TblPostController->filterAccessControl()
#18 D:\Localhost\htdocs\VietWorking\framework\web\filters\CFilterChain.php(130): CInlineFilter->filter()
#19 D:\Localhost\htdocs\VietWorking\framework\web\CController.php(291): CFilterChain->run()
#20 D:\Localhost\htdocs\VietWorking\framework\web\CController.php(265): TblPostController->runActionWithFilters()
#21 D:\Localhost\htdocs\VietWorking\framework\web\CWebApplication.php(282): TblPostController->run()
#22 D:\Localhost\htdocs\VietWorking\framework\web\CWebApplication.php(141): CWebApplication->runController()
#23 D:\Localhost\htdocs\VietWorking\framework\base\CApplication.php(169): CWebApplication->processRequest()
#24 D:\Localhost\htdocs\VietWorking\index.php(13): CWebApplication->run()
REQUEST_URI=/VietWorking/index.php?r=tblpost
in D:\Localhost\htdocs\VietWorking\protected\views\tblPost\index.php (17)
in D:\Localhost\htdocs\VietWorking\protected\controllers\TblPostController.php (135)
in D:\Localhost\htdocs\VietWorking\index.php (13)
2013/03/26 22:17:42 [error] [php] require(): Filename cannot be empty (D:\Localhost\htdocs\VietWorking\framework\web\CBaseController.php:130)
Stack trace:
#0 D:\Localhost\htdocs\VietWorking\framework\zii\widgets\CListView.php(281): TblPostController->renderFile()
#1 D:\Localhost\htdocs\VietWorking\framework\zii\widgets\CBaseListView.php(160): CListView->renderItems()
#2 unknown(0): CListView->renderSection()
#3 D:\Localhost\htdocs\VietWorking\framework\zii\widgets\CBaseListView.php(143): preg_replace_callback()
#4 D:\Localhost\htdocs\VietWorking\framework\zii\widgets\CBaseListView.php(128): CListView->renderContent()
#5 D:\Localhost\htdocs\VietWorking\framework\web\CBaseController.php(173): CListView->run()
#6 D:\Localhost\htdocs\VietWorking\protected\views\tblPost\index.php(17): TblPostController->widget()
#7 D:\Localhost\htdocs\VietWorking\framework\web\CBaseController.php(126): require()
#8 D:\Localhost\htdocs\VietWorking\framework\web\CBaseController.php(95): TblPostController->renderInternal()
#9 D:\Localhost\htdocs\VietWorking\framework\web\CController.php(869): TblPostController->renderFile()
#10 D:\Localhost\htdocs\VietWorking\framework\web\CController.php(782): TblPostController->renderPartial()
#11 D:\Localhost\htdocs\VietWorking\protected\controllers\TblPostController.php(135): TblPostController->render()
#12 D:\Localhost\htdocs\VietWorking\framework\web\actions\CInlineAction.php(49): TblPostController->actionIndex()
#13 D:\Localhost\htdocs\VietWorking\framework\web\CController.php(308): CInlineAction->runWithParams()
#14 D:\Localhost\htdocs\VietWorking\framework\web\filters\CFilterChain.php(133): TblPostController->runAction()
#15 D:\Localhost\htdocs\VietWorking\framework\web\filters\CFilter.php(40): CFilterChain->run()
#16 D:\Localhost\htdocs\VietWorking\framework\web\CController.php(1145): CAccessControlFilter->filter()
#17 D:\Localhost\htdocs\VietWorking\framework\web\filters\CInlineFilter.php(58): TblPostController->filterAccessControl()
#18 D:\Localhost\htdocs\VietWorking\framework\web\filters\CFilterChain.php(130): CInlineFilter->filter()
#19 D:\Localhost\htdocs\VietWorking\framework\web\CController.php(291): CFilterChain->run()
#20 D:\Localhost\htdocs\VietWorking\framework\web\CController.php(265): TblPostController->runActionWithFilters()
#21 D:\Localhost\htdocs\VietWorking\framework\web\CWebApplication.php(282): TblPostController->run()
#22 D:\Localhost\htdocs\VietWorking\framework\web\CWebApplication.php(141): CWebApplication->runController()
#23 D:\Localhost\htdocs\VietWorking\framework\base\CApplication.php(169): CWebApplication->processRequest()
#24 D:\Localhost\htdocs\VietWorking\index.php(13): CWebApplication->run()
REQUEST_URI=/VietWorking/index.php?r=tblpost
in D:\Localhost\htdocs\VietWorking\protected\views\tblPost\index.php (17)
in D:\Localhost\htdocs\VietWorking\protected\controllers\TblPostController.php (135)
in D:\Localhost\htdocs\VietWorking\index.php (13)
2013/03/26 22:17:47 [error] [php] require(): Filename cannot be empty (D:\Localhost\htdocs\VietWorking\framework\web\CBaseController.php:130)
Stack trace:
#0 D:\Localhost\htdocs\VietWorking\framework\zii\widgets\CListView.php(281): TblCommentController->renderFile()
#1 D:\Localhost\htdocs\VietWorking\framework\zii\widgets\CBaseListView.php(160): CListView->renderItems()
#2 unknown(0): CListView->renderSection()
#3 D:\Localhost\htdocs\VietWorking\framework\zii\widgets\CBaseListView.php(143): preg_replace_callback()
#4 D:\Localhost\htdocs\VietWorking\framework\zii\widgets\CBaseListView.php(128): CListView->renderContent()
#5 D:\Localhost\htdocs\VietWorking\framework\web\CBaseController.php(173): CListView->run()
#6 D:\Localhost\htdocs\VietWorking\protected\views\tblComment\index.php(17): TblCommentController->widget()
#7 D:\Localhost\htdocs\VietWorking\framework\web\CBaseController.php(126): require()
#8 D:\Localhost\htdocs\VietWorking\framework\web\CBaseController.php(95): TblCommentController->renderInternal()
#9 D:\Localhost\htdocs\VietWorking\framework\web\CController.php(869): TblCommentController->renderFile()
#10 D:\Localhost\htdocs\VietWorking\framework\web\CController.php(782): TblCommentController->renderPartial()
#11 D:\Localhost\htdocs\VietWorking\protected\controllers\TblCommentController.php(135): TblCommentController->render()
#12 D:\Localhost\htdocs\VietWorking\framework\web\actions\CInlineAction.php(49): TblCommentController->actionIndex()
#13 D:\Localhost\htdocs\VietWorking\framework\web\CController.php(308): CInlineAction->runWithParams()
#14 D:\Localhost\htdocs\VietWorking\framework\web\filters\CFilterChain.php(133): TblCommentController->runAction()
#15 D:\Localhost\htdocs\VietWorking\framework\web\filters\CFilter.php(40): CFilterChain->run()
#16 D:\Localhost\htdocs\VietWorking\framework\web\CController.php(1145): CAccessControlFilter->filter()
#17 D:\Localhost\htdocs\VietWorking\framework\web\filters\CInlineFilter.php(58): TblCommentController->filterAccessControl()
#18 D:\Localhost\htdocs\VietWorking\framework\web\filters\CFilterChain.php(130): CInlineFilter->filter()
#19 D:\Localhost\htdocs\VietWorking\framework\web\CController.php(291): CFilterChain->run()
#20 D:\Localhost\htdocs\VietWorking\framework\web\CController.php(265): TblCommentController->runActionWithFilters()
#21 D:\Localhost\htdocs\VietWorking\framework\web\CWebApplication.php(282): TblCommentController->run()
#22 D:\Localhost\htdocs\VietWorking\framework\web\CWebApplication.php(141): CWebApplication->runController()
#23 D:\Localhost\htdocs\VietWorking\framework\base\CApplication.php(169): CWebApplication->processRequest()
#24 D:\Localhost\htdocs\VietWorking\index.php(13): CWebApplication->run()
REQUEST_URI=/VietWorking/index.php?r=tblcomment
in D:\Localhost\htdocs\VietWorking\protected\views\tblComment\index.php (17)
in D:\Localhost\htdocs\VietWorking\protected\controllers\TblCommentController.php (135)
in D:\Localhost\htdocs\VietWorking\index.php (13)
2013/03/26 22:19:34 [error] [exception.CHttpException.404] exception 'CHttpException' with message 'Unable to resolve the request "tblposts".' in D:\Localhost\htdocs\VietWorking\framework\web\CWebApplication.php:286
Stack trace:
#0 D:\Localhost\htdocs\VietWorking\framework\web\CWebApplication.php(141): CWebApplication->runController('tblposts')
#1 D:\Localhost\htdocs\VietWorking\framework\base\CApplication.php(169): CWebApplication->processRequest()
#2 D:\Localhost\htdocs\VietWorking\index.php(13): CApplication->run()
#3 {main}
REQUEST_URI=/VietWorking/index.php?r=tblposts
---
2013/03/26 22:19:39 [error] [exception.CHttpException.404] exception 'CHttpException' with message 'Unable to resolve the request "posts".' in D:\Localhost\htdocs\VietWorking\framework\web\CWebApplication.php:286
Stack trace:
#0 D:\Localhost\htdocs\VietWorking\framework\web\CWebApplication.php(141): CWebApplication->runController('posts')
#1 D:\Localhost\htdocs\VietWorking\framework\base\CApplication.php(169): CWebApplication->processRequest()
#2 D:\Localhost\htdocs\VietWorking\index.php(13): CApplication->run()
#3 {main}
REQUEST_URI=/VietWorking/index.php?r=posts
---
2013/03/26 22:19:45 [error] [exception.CHttpException.404] exception 'CHttpException' with message 'Unable to resolve the request "tblposts".' in D:\Localhost\htdocs\VietWorking\framework\web\CWebApplication.php:286
Stack trace:
#0 D:\Localhost\htdocs\VietWorking\framework\web\CWebApplication.php(141): CWebApplication->runController('tblposts')
#1 D:\Localhost\htdocs\VietWorking\framework\base\CApplication.php(169): CWebApplication->processRequest()
#2 D:\Localhost\htdocs\VietWorking\index.php(13): CApplication->run()
#3 {main}
REQUEST_URI=/VietWorking/index.php?r=tblposts
---
2013/03/26 22:19:47 [error] [php] require(): Filename cannot be empty (D:\Localhost\htdocs\VietWorking\framework\web\CBaseController.php:130)
Stack trace:
#0 D:\Localhost\htdocs\VietWorking\framework\zii\widgets\CListView.php(281): TblCommentController->renderFile()
#1 D:\Localhost\htdocs\VietWorking\framework\zii\widgets\CBaseListView.php(160): CListView->renderItems()
#2 unknown(0): CListView->renderSection()
#3 D:\Localhost\htdocs\VietWorking\framework\zii\widgets\CBaseListView.php(143): preg_replace_callback()
#4 D:\Localhost\htdocs\VietWorking\framework\zii\widgets\CBaseListView.php(128): CListView->renderContent()
#5 D:\Localhost\htdocs\VietWorking\framework\web\CBaseController.php(173): CListView->run()
#6 D:\Localhost\htdocs\VietWorking\protected\views\tblComment\index.php(17): TblCommentController->widget()
#7 D:\Localhost\htdocs\VietWorking\framework\web\CBaseController.php(126): require()
#8 D:\Localhost\htdocs\VietWorking\framework\web\CBaseController.php(95): TblCommentController->renderInternal()
#9 D:\Localhost\htdocs\VietWorking\framework\web\CController.php(869): TblCommentController->renderFile()
#10 D:\Localhost\htdocs\VietWorking\framework\web\CController.php(782): TblCommentController->renderPartial()
#11 D:\Localhost\htdocs\VietWorking\protected\controllers\TblCommentController.php(135): TblCommentController->render()
#12 D:\Localhost\htdocs\VietWorking\framework\web\actions\CInlineAction.php(49): TblCommentController->actionIndex()
#13 D:\Localhost\htdocs\VietWorking\framework\web\CController.php(308): CInlineAction->runWithParams()
#14 D:\Localhost\htdocs\VietWorking\framework\web\filters\CFilterChain.php(133): TblCommentController->runAction()
#15 D:\Localhost\htdocs\VietWorking\framework\web\filters\CFilter.php(40): CFilterChain->run()
#16 D:\Localhost\htdocs\VietWorking\framework\web\CController.php(1145): CAccessControlFilter->filter()
#17 D:\Localhost\htdocs\VietWorking\framework\web\filters\CInlineFilter.php(58): TblCommentController->filterAccessControl()
#18 D:\Localhost\htdocs\VietWorking\framework\web\filters\CFilterChain.php(130): CInlineFilter->filter()
#19 D:\Localhost\htdocs\VietWorking\framework\web\CController.php(291): CFilterChain->run()
#20 D:\Localhost\htdocs\VietWorking\framework\web\CController.php(265): TblCommentController->runActionWithFilters()
#21 D:\Localhost\htdocs\VietWorking\framework\web\CWebApplication.php(282): TblCommentController->run()
#22 D:\Localhost\htdocs\VietWorking\framework\web\CWebApplication.php(141): CWebApplication->runController()
#23 D:\Localhost\htdocs\VietWorking\framework\base\CApplication.php(169): CWebApplication->processRequest()
#24 D:\Localhost\htdocs\VietWorking\index.php(13): CWebApplication->run()
REQUEST_URI=/VietWorking/index.php?r=tblcomment
in D:\Localhost\htdocs\VietWorking\protected\views\tblComment\index.php (17)
in D:\Localhost\htdocs\VietWorking\protected\controllers\TblCommentController.php (135)
in D:\Localhost\htdocs\VietWorking\index.php (13)
2013/03/26 22:19:48 [error] [php] require(): Filename cannot be empty (D:\Localhost\htdocs\VietWorking\framework\web\CBaseController.php:130)
Stack trace:
#0 D:\Localhost\htdocs\VietWorking\framework\zii\widgets\CListView.php(281): TblPostController->renderFile()
#1 D:\Localhost\htdocs\VietWorking\framework\zii\widgets\CBaseListView.php(160): CListView->renderItems()
#2 unknown(0): CListView->renderSection()
#3 D:\Localhost\htdocs\VietWorking\framework\zii\widgets\CBaseListView.php(143): preg_replace_callback()
#4 D:\Localhost\htdocs\VietWorking\framework\zii\widgets\CBaseListView.php(128): CListView->renderContent()
#5 D:\Localhost\htdocs\VietWorking\framework\web\CBaseController.php(173): CListView->run()
#6 D:\Localhost\htdocs\VietWorking\protected\views\tblPost\index.php(17): TblPostController->widget()
#7 D:\Localhost\htdocs\VietWorking\framework\web\CBaseController.php(126): require()
#8 D:\Localhost\htdocs\VietWorking\framework\web\CBaseController.php(95): TblPostController->renderInternal()
#9 D:\Localhost\htdocs\VietWorking\framework\web\CController.php(869): TblPostController->renderFile()
#10 D:\Localhost\htdocs\VietWorking\framework\web\CController.php(782): TblPostController->renderPartial()
#11 D:\Localhost\htdocs\VietWorking\protected\controllers\TblPostController.php(135): TblPostController->render()
#12 D:\Localhost\htdocs\VietWorking\framework\web\actions\CInlineAction.php(49): TblPostController->actionIndex()
#13 D:\Localhost\htdocs\VietWorking\framework\web\CController.php(308): CInlineAction->runWithParams()
#14 D:\Localhost\htdocs\VietWorking\framework\web\filters\CFilterChain.php(133): TblPostController->runAction()
#15 D:\Localhost\htdocs\VietWorking\framework\web\filters\CFilter.php(40): CFilterChain->run()
#16 D:\Localhost\htdocs\VietWorking\framework\web\CController.php(1145): CAccessControlFilter->filter()
#17 D:\Localhost\htdocs\VietWorking\framework\web\filters\CInlineFilter.php(58): TblPostController->filterAccessControl()
#18 D:\Localhost\htdocs\VietWorking\framework\web\filters\CFilterChain.php(130): CInlineFilter->filter()
#19 D:\Localhost\htdocs\VietWorking\framework\web\CController.php(291): CFilterChain->run()
#20 D:\Localhost\htdocs\VietWorking\framework\web\CController.php(265): TblPostController->runActionWithFilters()
#21 D:\Localhost\htdocs\VietWorking\framework\web\CWebApplication.php(282): TblPostController->run()
#22 D:\Localhost\htdocs\VietWorking\framework\web\CWebApplication.php(141): CWebApplication->runController()
#23 D:\Localhost\htdocs\VietWorking\framework\base\CApplication.php(169): CWebApplication->processRequest()
#24 D:\Localhost\htdocs\VietWorking\index.php(13): CWebApplication->run()
REQUEST_URI=/VietWorking/index.php?r=tblpost
in D:\Localhost\htdocs\VietWorking\protected\views\tblPost\index.php (17)
in D:\Localhost\htdocs\VietWorking\protected\controllers\TblPostController.php (135)
in D:\Localhost\htdocs\VietWorking\index.php (13)
2013/03/26 22:22:55 [error] [exception.CHttpException.404] exception 'CHttpException' with message 'Unable to resolve the request "post".' in D:\Localhost\htdocs\VietWorking\framework\web\CWebApplication.php:286
Stack trace:
#0 D:\Localhost\htdocs\VietWorking\framework\web\CWebApplication.php(141): CWebApplication->runController('post')
#1 D:\Localhost\htdocs\VietWorking\framework\base\CApplication.php(169): CWebApplication->processRequest()
#2 D:\Localhost\htdocs\VietWorking\index.php(13): CApplication->run()
#3 {main}
REQUEST_URI=/VietWorking/index.php?r=post
---
2013/03/26 22:23:55 [error] [php] require(): Filename cannot be empty (D:\Localhost\htdocs\VietWorking\framework\web\CBaseController.php:130)
Stack trace:
#0 D:\Localhost\htdocs\VietWorking\framework\zii\widgets\CListView.php(281): TblPostController->renderFile()
#1 D:\Localhost\htdocs\VietWorking\framework\zii\widgets\CBaseListView.php(160): CListView->renderItems()
#2 unknown(0): CListView->renderSection()
#3 D:\Localhost\htdocs\VietWorking\framework\zii\widgets\CBaseListView.php(143): preg_replace_callback()
#4 D:\Localhost\htdocs\VietWorking\framework\zii\widgets\CBaseListView.php(128): CListView->renderContent()
#5 D:\Localhost\htdocs\VietWorking\framework\web\CBaseController.php(173): CListView->run()
#6 D:\Localhost\htdocs\VietWorking\protected\views\tblPost\index.php(17): TblPostController->widget()
#7 D:\Localhost\htdocs\VietWorking\framework\web\CBaseController.php(126): require()
#8 D:\Localhost\htdocs\VietWorking\framework\web\CBaseController.php(95): TblPostController->renderInternal()
#9 D:\Localhost\htdocs\VietWorking\framework\web\CController.php(869): TblPostController->renderFile()
#10 D:\Localhost\htdocs\VietWorking\framework\web\CController.php(782): TblPostController->renderPartial()
#11 D:\Localhost\htdocs\VietWorking\protected\controllers\TblPostController.php(135): TblPostController->render()
#12 D:\Localhost\htdocs\VietWorking\framework\web\actions\CInlineAction.php(49): TblPostController->actionIndex()
#13 D:\Localhost\htdocs\VietWorking\framework\web\CController.php(308): CInlineAction->runWithParams()
#14 D:\Localhost\htdocs\VietWorking\framework\web\filters\CFilterChain.php(133): TblPostController->runAction()
#15 D:\Localhost\htdocs\VietWorking\framework\web\filters\CFilter.php(40): CFilterChain->run()
#16 D:\Localhost\htdocs\VietWorking\framework\web\CController.php(1145): CAccessControlFilter->filter()
#17 D:\Localhost\htdocs\VietWorking\framework\web\filters\CInlineFilter.php(58): TblPostController->filterAccessControl()
#18 D:\Localhost\htdocs\VietWorking\framework\web\filters\CFilterChain.php(130): CInlineFilter->filter()
#19 D:\Localhost\htdocs\VietWorking\framework\web\CController.php(291): CFilterChain->run()
#20 D:\Localhost\htdocs\VietWorking\framework\web\CController.php(265): TblPostController->runActionWithFilters()
#21 D:\Localhost\htdocs\VietWorking\framework\web\CWebApplication.php(282): TblPostController->run()
#22 D:\Localhost\htdocs\VietWorking\framework\web\CWebApplication.php(141): CWebApplication->runController()
#23 D:\Localhost\htdocs\VietWorking\framework\base\CApplication.php(169): CWebApplication->processRequest()
#24 D:\Localhost\htdocs\VietWorking\index.php(13): CWebApplication->run()
REQUEST_URI=/VietWorking/index.php?r=tblpost
in D:\Localhost\htdocs\VietWorking\protected\views\tblPost\index.php (17)
in D:\Localhost\htdocs\VietWorking\protected\controllers\TblPostController.php (135)
in D:\Localhost\htdocs\VietWorking\index.php (13)
2013/03/26 22:28:13 [error] [php] require(): Filename cannot be empty (D:\Localhost\htdocs\VietWorking\framework\web\CBaseController.php:130)
Stack trace:
#0 D:\Localhost\htdocs\VietWorking\framework\zii\widgets\CListView.php(281): TblPostController->renderFile()
#1 D:\Localhost\htdocs\VietWorking\framework\zii\widgets\CBaseListView.php(160): CListView->renderItems()
#2 unknown(0): CListView->renderSection()
#3 D:\Localhost\htdocs\VietWorking\framework\zii\widgets\CBaseListView.php(143): preg_replace_callback()
#4 D:\Localhost\htdocs\VietWorking\framework\zii\widgets\CBaseListView.php(128): CListView->renderContent()
#5 D:\Localhost\htdocs\VietWorking\framework\web\CBaseController.php(173): CListView->run()
#6 D:\Localhost\htdocs\VietWorking\protected\views\tblPost\index.php(17): TblPostController->widget()
#7 D:\Localhost\htdocs\VietWorking\framework\web\CBaseController.php(126): require()
#8 D:\Localhost\htdocs\VietWorking\framework\web\CBaseController.php(95): TblPostController->renderInternal()
#9 D:\Localhost\htdocs\VietWorking\framework\web\CController.php(869): TblPostController->renderFile()
#10 D:\Localhost\htdocs\VietWorking\framework\web\CController.php(782): TblPostController->renderPartial()
#11 D:\Localhost\htdocs\VietWorking\protected\controllers\TblPostController.php(135): TblPostController->render()
#12 D:\Localhost\htdocs\VietWorking\framework\web\actions\CInlineAction.php(49): TblPostController->actionIndex()
#13 D:\Localhost\htdocs\VietWorking\framework\web\CController.php(308): CInlineAction->runWithParams()
#14 D:\Localhost\htdocs\VietWorking\framework\web\filters\CFilterChain.php(133): TblPostController->runAction()
#15 D:\Localhost\htdocs\VietWorking\framework\web\filters\CFilter.php(40): CFilterChain->run()
#16 D:\Localhost\htdocs\VietWorking\framework\web\CController.php(1145): CAccessControlFilter->filter()
#17 D:\Localhost\htdocs\VietWorking\framework\web\filters\CInlineFilter.php(58): TblPostController->filterAccessControl()
#18 D:\Localhost\htdocs\VietWorking\framework\web\filters\CFilterChain.php(130): CInlineFilter->filter()
#19 D:\Localhost\htdocs\VietWorking\framework\web\CController.php(291): CFilterChain->run()
#20 D:\Localhost\htdocs\VietWorking\framework\web\CController.php(265): TblPostController->runActionWithFilters()
#21 D:\Localhost\htdocs\VietWorking\framework\web\CWebApplication.php(282): TblPostController->run()
#22 D:\Localhost\htdocs\VietWorking\framework\web\CWebApplication.php(141): CWebApplication->runController()
#23 D:\Localhost\htdocs\VietWorking\framework\base\CApplication.php(169): CWebApplication->processRequest()
#24 D:\Localhost\htdocs\VietWorking\index.php(13): CWebApplication->run()
REQUEST_URI=/VietWorking/index.php?r=tblpost
in D:\Localhost\htdocs\VietWorking\protected\views\tblPost\index.php (17)
in D:\Localhost\htdocs\VietWorking\protected\controllers\TblPostController.php (135)
in D:\Localhost\htdocs\VietWorking\index.php (13)
2013/03/26 22:28:21 [error] [php] require(): Filename cannot be empty (D:\Localhost\htdocs\VietWorking\framework\web\CBaseController.php:130)
Stack trace:
#0 D:\Localhost\htdocs\VietWorking\framework\zii\widgets\CListView.php(281): TblPostController->renderFile()
#1 D:\Localhost\htdocs\VietWorking\framework\zii\widgets\CBaseListView.php(160): CListView->renderItems()
#2 unknown(0): CListView->renderSection()
#3 D:\Localhost\htdocs\VietWorking\framework\zii\widgets\CBaseListView.php(143): preg_replace_callback()
#4 D:\Localhost\htdocs\VietWorking\framework\zii\widgets\CBaseListView.php(128): CListView->renderContent()
#5 D:\Localhost\htdocs\VietWorking\framework\web\CBaseController.php(173): CListView->run()
#6 D:\Localhost\htdocs\VietWorking\protected\views\tblPost\index.php(17): TblPostController->widget()
#7 D:\Localhost\htdocs\VietWorking\framework\web\CBaseController.php(126): require()
#8 D:\Localhost\htdocs\VietWorking\framework\web\CBaseController.php(95): TblPostController->renderInternal()
#9 D:\Localhost\htdocs\VietWorking\framework\web\CController.php(869): TblPostController->renderFile()
#10 D:\Localhost\htdocs\VietWorking\framework\web\CController.php(782): TblPostController->renderPartial()
#11 D:\Localhost\htdocs\VietWorking\protected\controllers\TblPostController.php(135): TblPostController->render()
#12 D:\Localhost\htdocs\VietWorking\framework\web\actions\CInlineAction.php(49): TblPostController->actionIndex()
#13 D:\Localhost\htdocs\VietWorking\framework\web\CController.php(308): CInlineAction->runWithParams()
#14 D:\Localhost\htdocs\VietWorking\framework\web\filters\CFilterChain.php(133): TblPostController->runAction()
#15 D:\Localhost\htdocs\VietWorking\framework\web\filters\CFilter.php(40): CFilterChain->run()
#16 D:\Localhost\htdocs\VietWorking\framework\web\CController.php(1145): CAccessControlFilter->filter()
#17 D:\Localhost\htdocs\VietWorking\framework\web\filters\CInlineFilter.php(58): TblPostController->filterAccessControl()
#18 D:\Localhost\htdocs\VietWorking\framework\web\filters\CFilterChain.php(130): CInlineFilter->filter()
#19 D:\Localhost\htdocs\VietWorking\framework\web\CController.php(291): CFilterChain->run()
#20 D:\Localhost\htdocs\VietWorking\framework\web\CController.php(265): TblPostController->runActionWithFilters()
#21 D:\Localhost\htdocs\VietWorking\framework\web\CWebApplication.php(282): TblPostController->run()
#22 D:\Localhost\htdocs\VietWorking\framework\web\CWebApplication.php(141): CWebApplication->runController()
#23 D:\Localhost\htdocs\VietWorking\framework\base\CApplication.php(169): CWebApplication->processRequest()
#24 D:\Localhost\htdocs\VietWorking\index.php(13): CWebApplication->run()
REQUEST_URI=/VietWorking/index.php?r=tblpost
in D:\Localhost\htdocs\VietWorking\protected\views\tblPost\index.php (17)
in D:\Localhost\htdocs\VietWorking\protected\controllers\TblPostController.php (135)
in D:\Localhost\htdocs\VietWorking\index.php (13)
2013/03/26 22:30:42 [error] [exception.CHttpException.404] exception 'CHttpException' with message 'Unable to resolve the request "gii".' in D:\Localhost\htdocs\VietWorking\framework\web\CWebApplication.php:286
Stack trace:
#0 D:\Localhost\htdocs\VietWorking\framework\web\CWebApplication.php(141): CWebApplication->runController('gii')
#1 D:\Localhost\htdocs\VietWorking\framework\base\CApplication.php(169): CWebApplication->processRequest()
#2 D:\Localhost\htdocs\VietWorking\index.php(13): CApplication->run()
#3 {main}
REQUEST_URI=/VietWorking/index.php?r=gii
---
